<?xml version="1.0" encoding="UTF-8"?>
<!-- Generated by org.testng.reporters.JUnitXMLReporter -->
<testsuite ignored="0" hostname="DESKTOP-AIBN57R" failures="0" tests="6" name="Default test" time="35.46" errors="0" timestamp="2023-07-13T00:15:36 EET">
  <testcase classname="E_Commerce.opencart.OpenCartTestCases" name="getTitle" time="0.038"/>
  <testcase classname="E_Commerce.opencart.OpenCartTestCases" name="checkHomePageOpened" time="0.082"/>
  <testcase classname="E_Commerce.opencart.OpenCartTestCases" name="CheckWrongSearchResult" time="0.875"/>
  <testcase classname="E_Commerce.opencart.OpenCartTestCases" name="happyCaseCheckSearch" time="10.962"/>
  <testcase classname="E_Commerce.opencart.OpenCartTestCases" name="checkAddToCart" time="10.515"/>
  <testcase classname="E_Commerce.opencart.OpenCartTestCases" name="comparePrice" time="0.075"/>
</testsuite> <!-- Default test -->
