<?xml version="1.0" encoding="UTF-8"?>
<testng-results ignored="0" total="6" passed="6" failed="0" skipped="0">
  <reporter-output>
  </reporter-output>
  <suite started-at="2023-07-13T00:15:01 EET" name="Default suite" finished-at="2023-07-13T00:15:36 EET" duration-ms="35460">
    <groups>
    </groups>
    <test started-at="2023-07-13T00:15:01 EET" name="Default test" finished-at="2023-07-13T00:15:36 EET" duration-ms="35460">
      <class name="E_Commerce.opencart.OpenCartTestCases">
        <test-method is-config="true" signature="openWebsite()[pri:0, instance:E_Commerce.opencart.OpenCartTestCases@3163987e]" started-at="2023-07-13T00:15:01 EET" name="openWebsite" finished-at="2023-07-13T00:15:13 EET" duration-ms="12811" status="PASS">
          <reporter-output>
          </reporter-output>
        </test-method> <!-- openWebsite -->
        <test-method signature="getTitle()[pri:0, instance:E_Commerce.opencart.OpenCartTestCases@3163987e]" started-at="2023-07-13T00:15:13 EET" name="getTitle" finished-at="2023-07-13T00:15:14 EET" duration-ms="38" status="PASS">
          <reporter-output>
          </reporter-output>
        </test-method> <!-- getTitle -->
        <test-method signature="checkHomePageOpened()[pri:0, instance:E_Commerce.opencart.OpenCartTestCases@3163987e]" started-at="2023-07-13T00:15:14 EET" name="checkHomePageOpened" finished-at="2023-07-13T00:15:14 EET" depends-on-methods="E_Commerce.opencart.OpenCartTestCases.getTitle" duration-ms="82" status="PASS">
          <reporter-output>
          </reporter-output>
        </test-method> <!-- checkHomePageOpened -->
        <test-method signature="CheckWrongSearchResult()[pri:0, instance:E_Commerce.opencart.OpenCartTestCases@3163987e]" started-at="2023-07-13T00:15:14 EET" name="CheckWrongSearchResult" finished-at="2023-07-13T00:15:15 EET" depends-on-methods="E_Commerce.opencart.OpenCartTestCases.checkHomePageOpened" duration-ms="875" status="PASS">
          <reporter-output>
          </reporter-output>
        </test-method> <!-- CheckWrongSearchResult -->
        <test-method signature="happyCaseCheckSearch()[pri:0, instance:E_Commerce.opencart.OpenCartTestCases@3163987e]" started-at="2023-07-13T00:15:15 EET" name="happyCaseCheckSearch" finished-at="2023-07-13T00:15:25 EET" depends-on-methods="E_Commerce.opencart.OpenCartTestCases.CheckWrongSearchResult" duration-ms="10962" status="PASS">
          <reporter-output>
          </reporter-output>
        </test-method> <!-- happyCaseCheckSearch -->
        <test-method signature="checkAddToCart()[pri:0, instance:E_Commerce.opencart.OpenCartTestCases@3163987e]" started-at="2023-07-13T00:15:25 EET" name="checkAddToCart" finished-at="2023-07-13T00:15:36 EET" depends-on-methods="E_Commerce.opencart.OpenCartTestCases.happyCaseCheckSearch" duration-ms="10515" status="PASS">
          <reporter-output>
          </reporter-output>
        </test-method> <!-- checkAddToCart -->
        <test-method signature="comparePrice()[pri:0, instance:E_Commerce.opencart.OpenCartTestCases@3163987e]" started-at="2023-07-13T00:15:36 EET" name="comparePrice" finished-at="2023-07-13T00:15:36 EET" depends-on-methods="E_Commerce.opencart.OpenCartTestCases.checkAddToCart" duration-ms="75" status="PASS">
          <reporter-output>
          </reporter-output>
        </test-method> <!-- comparePrice -->
      </class> <!-- E_Commerce.opencart.OpenCartTestCases -->
    </test> <!-- Default test -->
  </suite> <!-- Default suite -->
</testng-results>
