<?xml version="1.0" encoding="UTF-8"?>
<testng-results ignored="0" total="1" passed="1" failed="0" skipped="0">
  <reporter-output>
  </reporter-output>
  <suite started-at="2023-09-22T01:38:51 EET" name="Default suite" finished-at="2023-09-22T01:38:54 EET" duration-ms="2879">
    <groups>
    </groups>
    <test started-at="2023-09-22T01:38:51 EET" name="Default test" finished-at="2023-09-22T01:38:54 EET" duration-ms="2879">
      <class name="E_Commerce.opencart.WorkingWithPromptAlert">
        <test-method is-config="true" signature="openWebsite()[pri:0, instance:E_Commerce.opencart.WorkingWithPromptAlert@57f64f5e]" started-at="2023-09-22T01:38:51 EET" name="openWebsite" finished-at="2023-09-22T01:38:53 EET" duration-ms="2192" status="PASS">
          <reporter-output>
          </reporter-output>
        </test-method> <!-- openWebsite -->
        <test-method signature="acceptingAlert()[pri:0, instance:E_Commerce.opencart.WorkingWithPromptAlert@57f64f5e]" started-at="2023-09-22T01:38:53 EET" name="acceptingAlert" finished-at="2023-09-22T01:38:54 EET" duration-ms="636" status="PASS">
          <reporter-output>
          </reporter-output>
        </test-method> <!-- acceptingAlert -->
      </class> <!-- E_Commerce.opencart.WorkingWithPromptAlert -->
    </test> <!-- Default test -->
  </suite> <!-- Default suite -->
</testng-results>
